<?xml version="1.0" encoding="UTF-8" ?>
<testsuite tests="10" failures="10" name="com.bookstore.dao.UserDAOTest" time="0.002" errors="0" skipped="0">
  <properties>
[...]
</properties>
  <testcase classname="com.bookstore.dao.UserDAOTest" name="com.bookstore.dao.UserDAOTest.testDeleteNonExistUsers" time="0">
    <failure type="java.lang.NullPointerException">java.lang.NullPointerException
	at com.bookstore.dao.UserDAOTest.testDeleteNonExistUsers(UserDAOTest.java:80)
</failure>
  </testcase>
  <testcase classname="com.bookstore.dao.UserDAOTest" name="com.bookstore.dao.UserDAOTest.testGetUsersFound" time="0">
    <failure type="java.lang.NullPointerException">java.lang.NullPointerException
	at com.bookstore.dao.UserDAOTest.testGetUsersFound(UserDAOTest.java:88)
</failure>
  </testcase>
  <testcase classname="com.bookstore.dao.UserDAOTest" name="com.bookstore.dao.UserDAOTest.testCheckLoginFailed" time="0">
    <failure type="java.lang.NullPointerException">java.lang.NullPointerException
	at com.bookstore.dao.UserDAOTest.testCheckLoginFailed(UserDAOTest.java:118)
</failure>
  </testcase>
  <testcase classname="com.bookstore.dao.UserDAOTest" name="com.bookstore.dao.UserDAOTest.testCheckLoginSuccess" time="0">
    <failure type="java.lang.NullPointerException">java.lang.NullPointerException
	at com.bookstore.dao.UserDAOTest.testCheckLoginSuccess(UserDAOTest.java:109)
</failure>
  </testcase>
  <testcase classname="com.bookstore.dao.UserDAOTest" name="com.bookstore.dao.UserDAOTest.testCreateUsers" time="0.001">
    <failure type="java.lang.NullPointerException">java.lang.NullPointerException
	at com.bookstore.dao.UserDAOTest.testCreateUsers(UserDAOTest.java:43)
</failure>
  </testcase>
  <testcase classname="com.bookstore.dao.UserDAOTest" name="com.bookstore.dao.UserDAOTest.testFindByEmail" time="0">
    <failure type="java.lang.NullPointerException">java.lang.NullPointerException
	at com.bookstore.dao.UserDAOTest.testFindByEmail(UserDAOTest.java:101)
</failure>
  </testcase>
  <testcase classname="com.bookstore.dao.UserDAOTest" name="com.bookstore.dao.UserDAOTest.testUpdateUsers" time="0">
    <failure type="java.lang.NullPointerException">java.lang.NullPointerException
	at com.bookstore.dao.UserDAOTest.testUpdateUsers(UserDAOTest.java:62)
</failure>
  </testcase>
  <testcase classname="com.bookstore.dao.UserDAOTest" name="com.bookstore.dao.UserDAOTest.testDeleteUsers" time="0.001">
    <failure type="java.lang.NullPointerException">java.lang.NullPointerException
	at com.bookstore.dao.UserDAOTest.testDeleteUsers(UserDAOTest.java:71)
</failure>
  </testcase>
  <testcase classname="com.bookstore.dao.UserDAOTest" name="com.bookstore.dao.UserDAOTest.testListAll" time="0">
    <failure type="java.lang.NullPointerException">java.lang.NullPointerException
	at com.bookstore.dao.UserDAOTest.testListAll(UserDAOTest.java:94)
</failure>
  </testcase>
  <testcase classname="com.bookstore.dao.UserDAOTest" name="com.bookstore.dao.UserDAOTest.testCreateUsersFieldsNotSet" time="0">
    <failure type="java.lang.NullPointerException">java.lang.NullPointerException
	at com.bookstore.dao.UserDAOTest.testCreateUsersFieldsNotSet(UserDAOTest.java:51)
</failure>
  </testcase>
</testsuite>